@!@!@STARTMSG 2262:0 @!@!@
TLC2 Version 2.16 of 31 December 2020 (rev: cdddf55)
@!@!@ENDMSG 2262 @!@!@
@!@!@STARTMSG 2187:0 @!@!@
Running breadth-first search Model-Checking with fp 79 and seed -6768476173743257308 with 2 workers on 4 cores with 1175MB heap and 2641MB offheap memory [pid: 114304] (Windows 10 10.0 amd64, AdoptOpenJDK 14.0.1 x86_64, OffHeapDiskFPSet, DiskStateQueue).
@!@!@ENDMSG 2187 @!@!@
@!@!@STARTMSG 2220:0 @!@!@
Starting SANY...
@!@!@ENDMSG 2220 @!@!@
Parsing file C:\Users\zunai\OneDrive\Desktop\DistributedPlusCal-newrelease\tlatools\ZZExamples\ChannelNoClash.toolbox\Model_1\MC.tla
Parsing file C:\Users\zunai\OneDrive\Desktop\DistributedPlusCal-newrelease\tlatools\ZZExamples\ChannelNoClash.toolbox\Model_1\ChannelNoClash.tla

Unrecoverable error:
 -- Command-line error: Unknown or illegal option in options statement: -distpcal..


Unrecoverable error:
 -- Expected ";" but found "chan"
    line 14, column 6.

!! WARNING: The PlusCal algorithm in module ChannelNoClash has changed since its last translation.
Parsing file C:\Users\zunai\Music\LORIAINTERNWORK\TLAToolbox-1.7.1-win32.win32.x86_64\toolbox\plugins\org.lamport.tlatools_1.0.0.202012311918\tla2sany\StandardModules\TLC.tla
Parsing file C:\Users\zunai\Music\LORIAINTERNWORK\TLAToolbox-1.7.1-win32.win32.x86_64\toolbox\plugins\org.lamport.tlatools_1.0.0.202012311918\tla2sany\StandardModules\Integers.tla
Parsing file C:\Users\zunai\Music\LORIAINTERNWORK\TLAToolbox-1.7.1-win32.win32.x86_64\toolbox\plugins\org.lamport.tlatools_1.0.0.202012311918\tla2sany\StandardModules\Sequences.tla
Parsing file C:\Users\zunai\Music\LORIAINTERNWORK\TLAToolbox-1.7.1-win32.win32.x86_64\toolbox\plugins\org.lamport.tlatools_1.0.0.202012311918\tla2sany\StandardModules\Naturals.tla
Parsing file C:\Users\zunai\Music\LORIAINTERNWORK\TLAToolbox-1.7.1-win32.win32.x86_64\toolbox\plugins\org.lamport.tlatools_1.0.0.202012311918\tla2sany\StandardModules\FiniteSets.tla
Semantic processing of module Naturals
Semantic processing of module Sequences
Semantic processing of module FiniteSets
Semantic processing of module TLC
Semantic processing of module Integers
Semantic processing of module ChannelNoClash
Semantic processing of module MC
@!@!@STARTMSG 2219:0 @!@!@
SANY finished.
@!@!@ENDMSG 2219 @!@!@
@!@!@STARTMSG 2185:0 @!@!@
Starting... (2022-07-03 09:57:44)
@!@!@ENDMSG 2185 @!@!@
@!@!@STARTMSG 2189:0 @!@!@
Computing initial states...
@!@!@ENDMSG 2189 @!@!@
@!@!@STARTMSG 2190:0 @!@!@
Finished computing initial states: 1 distinct state generated at 2022-07-03 09:57:47.
@!@!@ENDMSG 2190 @!@!@
@!@!@STARTMSG 2144:3 @!@!@
The EXCEPT was applied to non-existing fields of the value at
line 49, col 23 to line 49, col 24 of module ChannelNoClash
@!@!@ENDMSG 2144 @!@!@
@!@!@STARTMSG 2114:1 @!@!@
Deadlock reached.
@!@!@ENDMSG 2114 @!@!@
@!@!@STARTMSG 2121:1 @!@!@
The behavior up to this point is:
@!@!@ENDMSG 2121 @!@!@
@!@!@STARTMSG 2217:4 @!@!@
1: <Initial predicate>
/\ ar = <<3, 3>>
/\ pc = (<<1>> :> "Mc" @@ <<2>> :> "Mc" @@ <<3>> :> "Mc")
/\ chan = <<<<>>, <<>>, <<>>>>

@!@!@ENDMSG 2217 @!@!@
@!@!@STARTMSG 2217:4 @!@!@
2: <Mc line 48, col 13 to line 51, col 27 of module ChannelNoClash>
/\ ar = <<4, 3>>
/\ pc = (<<1>> :> "Done" @@ <<2>> :> "Mc" @@ <<3>> :> "Mc")
/\ chan = <<<<>>, <<>>, <<>>>>

@!@!@ENDMSG 2217 @!@!@
@!@!@STARTMSG 2217:4 @!@!@
3: <Mc line 48, col 13 to line 51, col 27 of module ChannelNoClash>
/\ ar = <<4, 4>>
/\ pc = (<<1>> :> "Done" @@ <<2>> :> "Done" @@ <<3>> :> "Mc")
/\ chan = <<<<>>, <<>>, <<>>>>

@!@!@ENDMSG 2217 @!@!@
@!@!@STARTMSG 2217:4 @!@!@
4: <Mc line 48, col 13 to line 51, col 27 of module ChannelNoClash>
/\ ar = <<4, 4>>
/\ pc = (<<1>> :> "Done" @@ <<2>> :> "Done" @@ <<3>> :> "Done")
/\ chan = <<<<>>, <<>>, <<>>>>

@!@!@ENDMSG 2217 @!@!@
@!@!@STARTMSG 2201:0 @!@!@
The coverage statistics at 2022-07-03 09:57:47
@!@!@ENDMSG 2201 @!@!@
@!@!@STARTMSG 2773:0 @!@!@
<Init line 43, col 1 to line 43, col 4 of module ChannelNoClash>: 2:2
@!@!@ENDMSG 2773 @!@!@
@!@!@STARTMSG 2221:0 @!@!@
  line 44, col 9 to line 46, col 46 of module ChannelNoClash: 2
@!@!@ENDMSG 2221 @!@!@
@!@!@STARTMSG 2772:0 @!@!@
<Mc line 48, col 1 to line 48, col 8 of module ChannelNoClash>: 7:15
@!@!@ENDMSG 2772 @!@!@
@!@!@STARTMSG 2221:0 @!@!@
  line 48, col 16 to line 48, col 35 of module ChannelNoClash: 45
@!@!@ENDMSG 2221 @!@!@
@!@!@STARTMSG 2221:0 @!@!@
  |line 48, col 16 to line 48, col 28 of module ChannelNoClash: 30
@!@!@ENDMSG 2221 @!@!@
@!@!@STARTMSG 2221:0 @!@!@
  line 49, col 16 to line 49, col 53 of module ChannelNoClash: 15
@!@!@ENDMSG 2221 @!@!@
@!@!@STARTMSG 2221:0 @!@!@
  |line 49, col 22 to line 49, col 53 of module ChannelNoClash: 15
@!@!@ENDMSG 2221 @!@!@
@!@!@STARTMSG 2221:0 @!@!@
  ||line 49, col 23 to line 49, col 24 of module ChannelNoClash: 15
@!@!@ENDMSG 2221 @!@!@
@!@!@STARTMSG 2221:0 @!@!@
  ||line 49, col 33 to line 49, col 52 of module ChannelNoClash: 15
@!@!@ENDMSG 2221 @!@!@
@!@!@STARTMSG 2221:0 @!@!@
  ||line 49, col 43 to line 49, col 52 of module ChannelNoClash: 10
@!@!@ENDMSG 2221 @!@!@
@!@!@STARTMSG 2221:0 @!@!@
  line 50, col 16 to line 50, col 53 of module ChannelNoClash: 15
@!@!@ENDMSG 2221 @!@!@
@!@!@STARTMSG 2221:0 @!@!@
  line 51, col 16 to line 51, col 27 of module ChannelNoClash: 15
@!@!@ENDMSG 2221 @!@!@
@!@!@STARTMSG 2202:0 @!@!@
End of statistics.
@!@!@ENDMSG 2202 @!@!@
@!@!@STARTMSG 2200:0 @!@!@
Progress(4) at 2022-07-03 09:57:47: 13 states generated (214 s/min), 8 distinct states found (132 ds/min), 0 states left on queue.
@!@!@ENDMSG 2200 @!@!@
@!@!@STARTMSG 2199:0 @!@!@
13 states generated, 8 distinct states found, 0 states left on queue.
@!@!@ENDMSG 2199 @!@!@
@!@!@STARTMSG 2194:0 @!@!@
The depth of the complete state graph search is 4.
@!@!@ENDMSG 2194 @!@!@
@!@!@STARTMSG 2268:0 @!@!@
The average outdegree of the complete state graph is 1 (minimum is 0, the maximum 3 and the 95th percentile is 3).
@!@!@ENDMSG 2268 @!@!@
@!@!@STARTMSG 2186:0 @!@!@
Finished in 3648ms at (2022-07-03 09:57:47)
@!@!@ENDMSG 2186 @!@!@
